<?xml version="1.0" encoding="UTF-8"?>
<!-- Generated by org.testng.reporters.JUnitReportReporter -->
<testsuite hostname="Surya" name="Academy.validateNavigationBar" tests="1" failures="0" timestamp="18 Aug 2019 02:26:27 GMT" time="0.072" errors="0">
  <testcase name="basePageNavigation" time="0.072" classname="Academy.validateNavigationBar"/>
</testsuite> <!-- Academy.validateNavigationBar -->
