<?xml version="1.0" encoding="UTF-8"?>
<!-- Generated by org.testng.reporters.JUnitReportReporter -->
<testsuite hostname="Surya" name="Academy.HomePage" tests="2" failures="0" timestamp="18 Aug 2019 02:26:27 GMT" time="14.149" errors="0">
  <testcase name="basePageNavigation" time="9.100" classname="Academy.HomePage"/>
  <testcase name="basePageNavigation" time="5.049" classname="Academy.HomePage"/>
</testsuite> <!-- Academy.HomePage -->
