<?xml version="1.0" encoding="UTF-8"?>
<!-- Generated by org.testng.reporters.JUnitReportReporter -->
<testsuite hostname="Surya" name="Academy.ValidateTitle" tests="1" failures="0" timestamp="18 Aug 2019 02:26:27 GMT" time="0.046" errors="0">
  <testcase name="basePageNavigation" time="0.046" classname="Academy.ValidateTitle"/>
</testsuite> <!-- Academy.ValidateTitle -->
