<?xml version="1.0" encoding="UTF-8"?>
<!-- Generated by org.testng.reporters.JUnitReportReporter -->
<testsuite hostname="Surya" name="Academy.HomePage" tests="2" failures="0" timestamp="18 Aug 2019 02:27:26 GMT" time="13.453" errors="0">
  <testcase name="basePageNavigation" time="8.649" classname="Academy.HomePage"/>
  <testcase name="basePageNavigation" time="4.804" classname="Academy.HomePage"/>
</testsuite> <!-- Academy.HomePage -->
